<?xml version="1.0" encoding="UTF-8"?>
<testsuite xmlns:xsi="http://www.w3.org/2001/XMLSchema-instance" xsi:noNamespaceSchemaLocation="https://maven.apache.org/surefire/maven-failsafe-plugin/xsd/failsafe-test-report.xsd" name="TestSuite" time="78.263" tests="8" errors="0" skipped="0" failures="0">
  <properties>
    <property name="gopherProxySet" value="false"/>
    <property name="awt.toolkit" value="sun.lwawt.macosx.LWCToolkit"/>
    <property name="java.specification.version" value="11"/>
    <property name="sun.cpu.isalist" value=""/>
    <property name="sun.jnu.encoding" value="UTF-8"/>
    <property name="java.class.path" value="/Users/dharshana/.m2/repository/org/apache/maven/surefire/surefire-booter/2.22.2/surefire-booter-2.22.2.jar:/Users/dharshana/.m2/repository/org/apache/maven/surefire/surefire-api/2.22.2/surefire-api-2.22.2.jar:/Users/dharshana/.m2/repository/org/apache/maven/surefire/surefire-logger-api/2.22.2/surefire-logger-api-2.22.2.jar:/Users/dharshana/assurityFW/demoProject/automation_demo/target/test-classes:/Users/dharshana/assurityFW/demoProject/automation_demo/target/classes:/Users/dharshana/.m2/repository/com/epam/reportportal/agent-java-testng/5.0.3/agent-java-testng-5.0.3.jar:/Users/dharshana/.m2/repository/com/epam/reportportal/client-java/5.0.1/client-java-5.0.1.jar:/Users/dharshana/.m2/repository/org/aspectj/aspectjweaver/1.9.5/aspectjweaver-1.9.5.jar:/Users/dharshana/.m2/repository/org/aspectj/aspectjrt/1.9.5/aspectjrt-1.9.5.jar:/Users/dharshana/.m2/repository/com/fasterxml/jackson/core/jackson-annotations/2.10.2/jackson-annotations-2.10.2.jar:/Users/dharshana/.m2/repository/io/reactivex/rxjava2/rxjava/2.2.19/rxjava-2.2.19.jar:/Users/dharshana/.m2/repository/org/reactivestreams/reactive-streams/1.0.3/reactive-streams-1.0.3.jar:/Users/dharshana/.m2/repository/org/apache/tika/tika-core/1.4/tika-core-1.4.jar:/Users/dharshana/.m2/repository/org/slf4j/slf4j-api/1.7.30/slf4j-api-1.7.30.jar:/Users/dharshana/.m2/repository/com/epam/reportportal/commons-model/5.0.0/commons-model-5.0.0.jar:/Users/dharshana/.m2/repository/io/swagger/swagger-annotations/1.5.24/swagger-annotations-1.5.24.jar:/Users/dharshana/.m2/repository/javax/validation/validation-api/2.0.1.Final/validation-api-2.0.1.Final.jar:/Users/dharshana/.m2/repository/org/apache/commons/commons-lang3/3.9/commons-lang3-3.9.jar:/Users/dharshana/.m2/repository/org/springframework/spring-web/5.2.7.RELEASE/spring-web-5.2.7.RELEASE.jar:/Users/dharshana/.m2/repository/org/springframework/spring-beans/5.2.4.RELEASE/spring-beans-5.2.4.RELEASE.jar:/Users/dharshana/.m2/repository/org/springframework/spring-core/5.2.4.RELEASE/spring-core-5.2.4.RELEASE.jar:/Users/dharshana/.m2/repository/org/springframework/spring-jcl/5.2.4.RELEASE/spring-jcl-5.2.4.RELEASE.jar:/Users/dharshana/.m2/repository/org/springframework/boot/spring-boot-starter-web/2.3.1.RELEASE/spring-boot-starter-web-2.3.1.RELEASE.jar:/Users/dharshana/.m2/repository/org/springframework/boot/spring-boot-starter/2.2.7.RELEASE/spring-boot-starter-2.2.7.RELEASE.jar:/Users/dharshana/.m2/repository/org/springframework/boot/spring-boot/2.2.7.RELEASE/spring-boot-2.2.7.RELEASE.jar:/Users/dharshana/.m2/repository/org/springframework/boot/spring-boot-autoconfigure/2.2.7.RELEASE/spring-boot-autoconfigure-2.2.7.RELEASE.jar:/Users/dharshana/.m2/repository/org/springframework/boot/spring-boot-starter-logging/2.2.7.RELEASE/spring-boot-starter-logging-2.2.7.RELEASE.jar:/Users/dharshana/.m2/repository/ch/qos/logback/logback-classic/1.2.3/logback-classic-1.2.3.jar:/Users/dharshana/.m2/repository/ch/qos/logback/logback-core/1.2.3/logback-core-1.2.3.jar:/Users/dharshana/.m2/repository/org/apache/logging/log4j/log4j-to-slf4j/2.12.1/log4j-to-slf4j-2.12.1.jar:/Users/dharshana/.m2/repository/org/slf4j/jul-to-slf4j/1.7.30/jul-to-slf4j-1.7.30.jar:/Users/dharshana/.m2/repository/org/springframework/boot/spring-boot-starter-json/2.2.7.RELEASE/spring-boot-starter-json-2.2.7.RELEASE.jar:/Users/dharshana/.m2/repository/com/fasterxml/jackson/datatype/jackson-datatype-jdk8/2.10.2/jackson-datatype-jdk8-2.10.2.jar:/Users/dharshana/.m2/repository/com/fasterxml/jackson/datatype/jackson-datatype-jsr310/2.10.2/jackson-datatype-jsr310-2.10.2.jar:/Users/dharshana/.m2/repository/com/fasterxml/jackson/module/jackson-module-parameter-names/2.10.2/jackson-module-parameter-names-2.10.2.jar:/Users/dharshana/.m2/repository/org/springframework/boot/spring-boot-starter-tomcat/2.2.7.RELEASE/spring-boot-starter-tomcat-2.2.7.RELEASE.jar:/Users/dharshana/.m2/repository/org/apache/tomcat/embed/tomcat-embed-core/9.0.34/tomcat-embed-core-9.0.34.jar:/Users/dharshana/.m2/repository/org/apache/tomcat/embed/tomcat-embed-el/9.0.34/tomcat-embed-el-9.0.34.jar:/Users/dharshana/.m2/repository/org/apache/tomcat/embed/tomcat-embed-websocket/9.0.34/tomcat-embed-websocket-9.0.34.jar:/Users/dharshana/.m2/repository/org/springframework/spring-webmvc/5.2.4.RELEASE/spring-webmvc-5.2.4.RELEASE.jar:/Users/dharshana/.m2/repository/org/springframework/spring-aop/5.2.4.RELEASE/spring-aop-5.2.4.RELEASE.jar:/Users/dharshana/.m2/repository/org/springframework/spring-context/5.2.4.RELEASE/spring-context-5.2.4.RELEASE.jar:/Users/dharshana/.m2/repository/org/springframework/spring-expression/5.2.4.RELEASE/spring-expression-5.2.4.RELEASE.jar:/Users/dharshana/.m2/repository/org/springframework/boot/spring-boot-starter-test/2.3.1.RELEASE/spring-boot-starter-test-2.3.1.RELEASE.jar:/Users/dharshana/.m2/repository/org/springframework/boot/spring-boot-test/2.2.7.RELEASE/spring-boot-test-2.2.7.RELEASE.jar:/Users/dharshana/.m2/repository/org/springframework/boot/spring-boot-test-autoconfigure/2.2.7.RELEASE/spring-boot-test-autoconfigure-2.2.7.RELEASE.jar:/Users/dharshana/.m2/repository/com/jayway/jsonpath/json-path/2.4.0/json-path-2.4.0.jar:/Users/dharshana/.m2/repository/net/minidev/json-smart/2.3/json-smart-2.3.jar:/Users/dharshana/.m2/repository/net/minidev/accessors-smart/1.2/accessors-smart-1.2.jar:/Users/dharshana/.m2/repository/org/ow2/asm/asm/5.0.4/asm-5.0.4.jar:/Users/dharshana/.m2/repository/jakarta/xml/bind/jakarta.xml.bind-api/2.3.3/jakarta.xml.bind-api-2.3.3.jar:/Users/dharshana/.m2/repository/jakarta/activation/jakarta.activation-api/1.2.2/jakarta.activation-api-1.2.2.jar:/Users/dharshana/.m2/repository/org/assertj/assertj-core/3.13.2/assertj-core-3.13.2.jar:/Users/dharshana/.m2/repository/org/hamcrest/hamcrest/2.1/hamcrest-2.1.jar:/Users/dharshana/.m2/repository/org/junit/jupiter/junit-jupiter/5.5.2/junit-jupiter-5.5.2.jar:/Users/dharshana/.m2/repository/org/junit/jupiter/junit-jupiter-api/5.5.2/junit-jupiter-api-5.5.2.jar:/Users/dharshana/.m2/repository/org/opentest4j/opentest4j/1.2.0/opentest4j-1.2.0.jar:/Users/dharshana/.m2/repository/org/junit/platform/junit-platform-commons/1.5.2/junit-platform-commons-1.5.2.jar:/Users/dharshana/.m2/repository/org/junit/jupiter/junit-jupiter-params/5.5.2/junit-jupiter-params-5.5.2.jar:/Users/dharshana/.m2/repository/org/junit/jupiter/junit-jupiter-engine/5.5.2/junit-jupiter-engine-5.5.2.jar:/Users/dharshana/.m2/repository/org/junit/vintage/junit-vintage-engine/5.5.2/junit-vintage-engine-5.5.2.jar:/Users/dharshana/.m2/repository/org/apiguardian/apiguardian-api/1.1.0/apiguardian-api-1.1.0.jar:/Users/dharshana/.m2/repository/org/junit/platform/junit-platform-engine/1.5.2/junit-platform-engine-1.5.2.jar:/Users/dharshana/.m2/repository/junit/junit/4.12/junit-4.12.jar:/Users/dharshana/.m2/repository/org/mockito/mockito-core/3.1.0/mockito-core-3.1.0.jar:/Users/dharshana/.m2/repository/net/bytebuddy/byte-buddy/1.10.10/byte-buddy-1.10.10.jar:/Users/dharshana/.m2/repository/net/bytebuddy/byte-buddy-agent/1.10.10/byte-buddy-agent-1.10.10.jar:/Users/dharshana/.m2/repository/org/objenesis/objenesis/2.6/objenesis-2.6.jar:/Users/dharshana/.m2/repository/org/mockito/mockito-junit-jupiter/3.1.0/mockito-junit-jupiter-3.1.0.jar:/Users/dharshana/.m2/repository/org/skyscreamer/jsonassert/1.5.0/jsonassert-1.5.0.jar:/Users/dharshana/.m2/repository/com/vaadin/external/google/android-json/0.0.20131108.vaadin1/android-json-0.0.20131108.vaadin1.jar:/Users/dharshana/.m2/repository/org/springframework/spring-test/5.2.4.RELEASE/spring-test-5.2.4.RELEASE.jar:/Users/dharshana/.m2/repository/org/xmlunit/xmlunit-core/2.6.4/xmlunit-core-2.6.4.jar:/Users/dharshana/.m2/repository/org/testng/testng/7.1.0/testng-7.1.0.jar:/Users/dharshana/.m2/repository/com/beust/jcommander/1.72/jcommander-1.72.jar:/Users/dharshana/.m2/repository/com/google/inject/guice/4.1.0/guice-4.1.0-no_aop.jar:/Users/dharshana/.m2/repository/javax/inject/javax.inject/1/javax.inject-1.jar:/Users/dharshana/.m2/repository/aopalliance/aopalliance/1.0/aopalliance-1.0.jar:/Users/dharshana/.m2/repository/com/google/guava/guava/19.0/guava-19.0.jar:/Users/dharshana/.m2/repository/org/yaml/snakeyaml/1.25/snakeyaml-1.25.jar:/Users/dharshana/.m2/repository/org/codehaus/jackson/jackson-mapper-asl/1.9.11/jackson-mapper-asl-1.9.11.jar:/Users/dharshana/.m2/repository/org/codehaus/jackson/jackson-core-asl/1.9.11/jackson-core-asl-1.9.11.jar:/Users/dharshana/.m2/repository/com/assurity/framework-engine/1.0-SNAPSHOT/framework-engine-1.0-SNAPSHOT.jar:/Users/dharshana/.m2/repository/io/grpc/grpc-netty/1.30.2/grpc-netty-1.30.2.jar:/Users/dharshana/.m2/repository/io/grpc/grpc-core/1.30.2/grpc-core-1.30.2.jar:/Users/dharshana/.m2/repository/com/google/code/gson/gson/2.8.6/gson-2.8.6.jar:/Users/dharshana/.m2/repository/com/google/android/annotations/4.1.1.4/annotations-4.1.1.4.jar:/Users/dharshana/.m2/repository/io/netty/netty-codec-http2/4.1.45.Final/netty-codec-http2-4.1.45.Final.jar:/Users/dharshana/.m2/repository/io/netty/netty-common/4.1.45.Final/netty-common-4.1.45.Final.jar:/Users/dharshana/.m2/repository/io/netty/netty-buffer/4.1.45.Final/netty-buffer-4.1.45.Final.jar:/Users/dharshana/.m2/repository/io/netty/netty-transport/4.1.45.Final/netty-transport-4.1.45.Final.jar:/Users/dharshana/.m2/repository/io/netty/netty-resolver/4.1.45.Final/netty-resolver-4.1.45.Final.jar:/Users/dharshana/.m2/repository/io/netty/netty-codec/4.1.45.Final/netty-codec-4.1.45.Final.jar:/Users/dharshana/.m2/repository/io/netty/netty-handler/4.1.45.Final/netty-handler-4.1.45.Final.jar:/Users/dharshana/.m2/repository/io/netty/netty-codec-http/4.1.45.Final/netty-codec-http-4.1.45.Final.jar:/Users/dharshana/.m2/repository/io/netty/netty-handler-proxy/4.1.45.Final/netty-handler-proxy-4.1.45.Final.jar:/Users/dharshana/.m2/repository/io/netty/netty-codec-socks/4.1.45.Final/netty-codec-socks-4.1.45.Final.jar:/Users/dharshana/.m2/repository/com/google/errorprone/error_prone_annotations/2.3.4/error_prone_annotations-2.3.4.jar:/Users/dharshana/.m2/repository/io/perfmark/perfmark-api/0.19.0/perfmark-api-0.19.0.jar:/Users/dharshana/.m2/repository/org/codehaus/mojo/animal-sniffer-annotations/1.18/animal-sniffer-annotations-1.18.jar:/Users/dharshana/.m2/repository/com/google/code/findbugs/jsr305/3.0.2/jsr305-3.0.2.jar:/Users/dharshana/.m2/repository/io/grpc/grpc-protobuf/1.30.2/grpc-protobuf-1.30.2.jar:/Users/dharshana/.m2/repository/io/grpc/grpc-api/1.30.2/grpc-api-1.30.2.jar:/Users/dharshana/.m2/repository/io/grpc/grpc-context/1.30.2/grpc-context-1.30.2.jar:/Users/dharshana/.m2/repository/com/google/protobuf/protobuf-java/3.12.0/protobuf-java-3.12.0.jar:/Users/dharshana/.m2/repository/com/google/api/grpc/proto-google-common-protos/1.17.0/proto-google-common-protos-1.17.0.jar:/Users/dharshana/.m2/repository/io/grpc/grpc-protobuf-lite/1.30.2/grpc-protobuf-lite-1.30.2.jar:/Users/dharshana/.m2/repository/io/grpc/grpc-stub/1.30.2/grpc-stub-1.30.2.jar:/Users/dharshana/.m2/repository/jakarta/annotation/jakarta.annotation-api/1.3.5/jakarta.annotation-api-1.3.5.jar:/Users/dharshana/.m2/repository/com/fasterxml/jackson/core/jackson-databind/2.10.4/jackson-databind-2.10.4.jar:/Users/dharshana/.m2/repository/com/fasterxml/jackson/core/jackson-core/2.10.2/jackson-core-2.10.2.jar:/Users/dharshana/.m2/repository/org/apache/logging/log4j/log4j-api/2.13.3/log4j-api-2.13.3.jar:/Users/dharshana/.m2/repository/org/apache/logging/log4j/log4j-core/2.13.3/log4j-core-2.13.3.jar:/Users/dharshana/.m2/repository/com/assurity/framework-utilities/1.0-SNAPSHOT/framework-utilities-1.0-SNAPSHOT.jar:/Users/dharshana/.m2/repository/org/glassfish/jersey/core/jersey-server/2.29.1/jersey-server-2.29.1.jar:/Users/dharshana/.m2/repository/org/glassfish/jersey/core/jersey-common/2.29.1/jersey-common-2.29.1.jar:/Users/dharshana/.m2/repository/org/glassfish/hk2/osgi-resource-locator/1.0.3/osgi-resource-locator-1.0.3.jar:/Users/dharshana/.m2/repository/com/sun/activation/jakarta.activation/1.2.2/jakarta.activation-1.2.2.jar:/Users/dharshana/.m2/repository/org/glassfish/jersey/core/jersey-client/2.29.1/jersey-client-2.29.1.jar:/Users/dharshana/.m2/repository/jakarta/ws/rs/jakarta.ws.rs-api/2.1.6/jakarta.ws.rs-api-2.1.6.jar:/Users/dharshana/.m2/repository/org/glassfish/jersey/media/jersey-media-jaxb/2.29.1/jersey-media-jaxb-2.29.1.jar:/Users/dharshana/.m2/repository/org/glassfish/hk2/external/jakarta.inject/2.6.1/jakarta.inject-2.6.1.jar:/Users/dharshana/.m2/repository/jakarta/validation/jakarta.validation-api/2.0.2/jakarta.validation-api-2.0.2.jar:/Users/dharshana/.m2/repository/org/apache/cxf/cxf-bundle/2.7.18/cxf-bundle-2.7.18.jar:/Users/dharshana/.m2/repository/org/apache/velocity/velocity/1.7/velocity-1.7.jar:/Users/dharshana/.m2/repository/commons-collections/commons-collections/3.2.1/commons-collections-3.2.1.jar:/Users/dharshana/.m2/repository/wsdl4j/wsdl4j/1.6.3/wsdl4j-1.6.3.jar:/Users/dharshana/.m2/repository/com/sun/xml/bind/jaxb-xjc/2.2.6/jaxb-xjc-2.2.6.jar:/Users/dharshana/.m2/repository/com/sun/xml/bind/jaxb-impl/2.2.6/jaxb-impl-2.2.6.jar:/Users/dharshana/.m2/repository/org/apache/ws/xmlschema/xmlschema-core/2.1.0/xmlschema-core-2.1.0.jar:/Users/dharshana/.m2/repository/antlr/antlr/2.7.7/antlr-2.7.7.jar:/Users/dharshana/.m2/repository/org/apache/xmlbeans/xmlbeans/2.6.0/xmlbeans-2.6.0.jar:/Users/dharshana/.m2/repository/xml-resolver/xml-resolver/1.2/xml-resolver-1.2.jar:/Users/dharshana/.m2/repository/org/apache/geronimo/specs/geronimo-jaxws_2.2_spec/1.1/geronimo-jaxws_2.2_spec-1.1.jar:/Users/dharshana/.m2/repository/org/codehaus/woodstox/woodstox-core-asl/4.4.1/woodstox-core-asl-4.4.1.jar:/Users/dharshana/.m2/repository/org/codehaus/woodstox/stax2-api/3.1.4/stax2-api-3.1.4.jar:/Users/dharshana/.m2/repository/org/apache/geronimo/specs/geronimo-javamail_1.4_spec/1.7.1/geronimo-javamail_1.4_spec-1.7.1.jar:/Users/dharshana/.m2/repository/org/eclipse/jetty/jetty-server/9.4.26.v20200117/jetty-server-9.4.26.v20200117.jar:/Users/dharshana/.m2/repository/javax/servlet/javax.servlet-api/4.0.1/javax.servlet-api-4.0.1.jar:/Users/dharshana/.m2/repository/org/eclipse/jetty/jetty-continuation/9.4.26.v20200117/jetty-continuation-9.4.26.v20200117.jar:/Users/dharshana/.m2/repository/org/eclipse/jetty/jetty-http/9.4.26.v20200117/jetty-http-9.4.26.v20200117.jar:/Users/dharshana/.m2/repository/org/eclipse/jetty/jetty-io/9.4.26.v20200117/jetty-io-9.4.26.v20200117.jar:/Users/dharshana/.m2/repository/org/eclipse/jetty/jetty-util/9.4.26.v20200117/jetty-util-9.4.26.v20200117.jar:/Users/dharshana/.m2/repository/org/eclipse/jetty/jetty-security/9.4.26.v20200117/jetty-security-9.4.26.v20200117.jar:/Users/dharshana/.m2/repository/org/apache/geronimo/specs/geronimo-servlet_3.0_spec/1.0/geronimo-servlet_3.0_spec-1.0.jar:/Users/dharshana/.m2/repository/org/apache/geronimo/specs/geronimo-jms_1.1_spec/1.1.1/geronimo-jms_1.1_spec-1.1.1.jar:/Users/dharshana/.m2/repository/org/springframework/spring-jms/5.2.4.RELEASE/spring-jms-5.2.4.RELEASE.jar:/Users/dharshana/.m2/repository/org/springframework/spring-messaging/5.2.4.RELEASE/spring-messaging-5.2.4.RELEASE.jar:/Users/dharshana/.m2/repository/org/springframework/spring-asm/3.0.7.RELEASE/spring-asm-3.0.7.RELEASE.jar:/Users/dharshana/.m2/repository/org/springframework/spring-tx/5.2.4.RELEASE/spring-tx-5.2.4.RELEASE.jar:/Users/dharshana/.m2/repository/commons-lang/commons-lang/2.6/commons-lang-2.6.jar:/Users/dharshana/.m2/repository/org/apache/httpcomponents/httpcore-nio/4.4.13/httpcore-nio-4.4.13.jar:/Users/dharshana/.m2/repository/org/apache/httpcomponents/httpcore/4.4.13/httpcore-4.4.13.jar:/Users/dharshana/.m2/repository/org/apache/httpcomponents/httpasyncclient/4.1.4/httpasyncclient-4.1.4.jar:/Users/dharshana/.m2/repository/org/apache/httpcomponents/httpclient/4.5.12/httpclient-4.5.12.jar:/Users/dharshana/.m2/repository/commons-codec/commons-codec/1.13/commons-codec-1.13.jar:/Users/dharshana/.m2/repository/org/apache/mina/mina-core/2.0.7/mina-core-2.0.7.jar:/Users/dharshana/.m2/repository/asm/asm/3.3.1/asm-3.3.1.jar:/Users/dharshana/.m2/repository/rhino/js/1.7R2/js-1.7R2.jar:/Users/dharshana/.m2/repository/net/oauth/core/oauth-provider/20100527/oauth-provider-20100527.jar:/Users/dharshana/.m2/repository/net/oauth/core/oauth/20100527/oauth-20100527.jar:/Users/dharshana/.m2/repository/net/sf/ehcache/ehcache-core/2.5.1/ehcache-core-2.5.1.jar:/Users/dharshana/.m2/repository/org/apache/ws/security/wss4j/1.6.19/wss4j-1.6.19.jar:/Users/dharshana/.m2/repository/org/apache/santuario/xmlsec/1.5.8/xmlsec-1.5.8.jar:/Users/dharshana/.m2/repository/org/opensaml/opensaml/2.6.1/opensaml-2.6.1.jar:/Users/dharshana/.m2/repository/org/opensaml/openws/1.5.1/openws-1.5.1.jar:/Users/dharshana/.m2/repository/org/opensaml/xmltooling/1.4.1/xmltooling-1.4.1.jar:/Users/dharshana/.m2/repository/joda-time/joda-time/2.10.6/joda-time-2.10.6.jar:/Users/dharshana/.m2/repository/xalan/serializer/2.7.1/serializer-2.7.1.jar:/Users/dharshana/.m2/repository/commons-logging/commons-logging/1.1.1/commons-logging-1.1.1.jar:/Users/dharshana/.m2/repository/org/apache/neethi/neethi/3.0.3/neethi-3.0.3.jar:/Users/dharshana/.m2/repository/javax/ws/rs/javax.ws.rs-api/2.1.1/javax.ws.rs-api-2.1.1.jar:/Users/dharshana/.m2/repository/org/jboss/resteasy/resteasy-client/4.5.5.Final/resteasy-client-4.5.5.Final.jar:/Users/dharshana/.m2/repository/org/jboss/resteasy/resteasy-client-api/4.5.5.Final/resteasy-client-api-4.5.5.Final.jar:/Users/dharshana/.m2/repository/org/jboss/resteasy/resteasy-core-spi/4.5.5.Final/resteasy-core-spi-4.5.5.Final.jar:/Users/dharshana/.m2/repository/org/jboss/spec/javax/xml/bind/jboss-jaxb-api_2.3_spec/1.0.1.Final/jboss-jaxb-api_2.3_spec-1.0.1.Final.jar:/Users/dharshana/.m2/repository/org/jboss/spec/javax/annotation/jboss-annotations-api_1.3_spec/2.0.1.Final/jboss-annotations-api_1.3_spec-2.0.1.Final.jar:/Users/dharshana/.m2/repository/org/jboss/resteasy/resteasy-core/4.5.5.Final/resteasy-core-4.5.5.Final.jar:/Users/dharshana/.m2/repository/com/ibm/async/asyncutil/0.1.0/asyncutil-0.1.0.jar:/Users/dharshana/.m2/repository/org/eclipse/microprofile/config/microprofile-config-api/1.4/microprofile-config-api-1.4.jar:/Users/dharshana/.m2/repository/io/smallrye/config/smallrye-config/1.6.1/smallrye-config-1.6.1.jar:/Users/dharshana/.m2/repository/io/smallrye/config/smallrye-config-common/1.6.1/smallrye-config-common-1.6.1.jar:/Users/dharshana/.m2/repository/org/jboss/logging/jboss-logging/3.4.1.Final/jboss-logging-3.4.1.Final.jar:/Users/dharshana/.m2/repository/commons-io/commons-io/2.5/commons-io-2.5.jar:/Users/dharshana/.m2/repository/org/jboss/spec/javax/ws/rs/jboss-jaxrs-api_2.1_spec/2.0.1.Final/jboss-jaxrs-api_2.1_spec-2.0.1.Final.jar:/Users/dharshana/.m2/repository/org/json/json/20190722/json-20190722.jar:/Users/dharshana/.m2/repository/org/apache/maven/surefire/surefire-testng/2.22.2/surefire-testng-2.22.2.jar:/Users/dharshana/.m2/repository/org/apache/maven/surefire/common-java5/2.22.2/common-java5-2.22.2.jar:/Users/dharshana/.m2/repository/org/apache/maven/surefire/surefire-testng-utils/2.22.2/surefire-testng-utils-2.22.2.jar:/Users/dharshana/.m2/repository/org/apache/maven/surefire/surefire-grouper/2.22.2/surefire-grouper-2.22.2.jar"/>
    <property name="java.vm.vendor" value="Oracle Corporation"/>
    <property name="sun.arch.data.model" value="64"/>
    <property name="java.vendor.url" value="https://openjdk.java.net/"/>
    <property name="user.timezone" value=""/>
    <property name="java.vm.specification.version" value="11"/>
    <property name="os.name" value="Mac OS X"/>
    <property name="sun.java.launcher" value="SUN_STANDARD"/>
    <property name="user.country" value="LK"/>
    <property name="sun.boot.library.path" value="/Library/Java/JavaVirtualMachines/jdk-11.0.7.jdk/Contents/Home/lib"/>
    <property name="CONTEXT_KEY_PREVIOUSLY_PULLED" value="{}"/>
    <property name="sun.java.command" value="org.apache.maven.surefire.booter.ForkedBooter /Users/dharshana/assurityFW/demoProject/automation_demo/target/surefire 2020-07-30T03-50-07_162-jvmRun1 surefire7385238219701956107tmp surefire_06729695197884208318tmp"/>
    <property name="http.nonProxyHosts" value="local|*.local|169.254/16|*.169.254/16"/>
    <property name="jdk.debug" value="release"/>
    <property name="surefire.test.class.path" value="/Users/dharshana/assurityFW/demoProject/automation_demo/target/test-classes:/Users/dharshana/assurityFW/demoProject/automation_demo/target/classes:/Users/dharshana/.m2/repository/com/epam/reportportal/agent-java-testng/5.0.3/agent-java-testng-5.0.3.jar:/Users/dharshana/.m2/repository/com/epam/reportportal/client-java/5.0.1/client-java-5.0.1.jar:/Users/dharshana/.m2/repository/org/aspectj/aspectjweaver/1.9.5/aspectjweaver-1.9.5.jar:/Users/dharshana/.m2/repository/org/aspectj/aspectjrt/1.9.5/aspectjrt-1.9.5.jar:/Users/dharshana/.m2/repository/com/fasterxml/jackson/core/jackson-annotations/2.10.2/jackson-annotations-2.10.2.jar:/Users/dharshana/.m2/repository/io/reactivex/rxjava2/rxjava/2.2.19/rxjava-2.2.19.jar:/Users/dharshana/.m2/repository/org/reactivestreams/reactive-streams/1.0.3/reactive-streams-1.0.3.jar:/Users/dharshana/.m2/repository/org/apache/tika/tika-core/1.4/tika-core-1.4.jar:/Users/dharshana/.m2/repository/org/slf4j/slf4j-api/1.7.30/slf4j-api-1.7.30.jar:/Users/dharshana/.m2/repository/com/epam/reportportal/commons-model/5.0.0/commons-model-5.0.0.jar:/Users/dharshana/.m2/repository/io/swagger/swagger-annotations/1.5.24/swagger-annotations-1.5.24.jar:/Users/dharshana/.m2/repository/javax/validation/validation-api/2.0.1.Final/validation-api-2.0.1.Final.jar:/Users/dharshana/.m2/repository/org/apache/commons/commons-lang3/3.9/commons-lang3-3.9.jar:/Users/dharshana/.m2/repository/org/springframework/spring-web/5.2.7.RELEASE/spring-web-5.2.7.RELEASE.jar:/Users/dharshana/.m2/repository/org/springframework/spring-beans/5.2.4.RELEASE/spring-beans-5.2.4.RELEASE.jar:/Users/dharshana/.m2/repository/org/springframework/spring-core/5.2.4.RELEASE/spring-core-5.2.4.RELEASE.jar:/Users/dharshana/.m2/repository/org/springframework/spring-jcl/5.2.4.RELEASE/spring-jcl-5.2.4.RELEASE.jar:/Users/dharshana/.m2/repository/org/springframework/boot/spring-boot-starter-web/2.3.1.RELEASE/spring-boot-starter-web-2.3.1.RELEASE.jar:/Users/dharshana/.m2/repository/org/springframework/boot/spring-boot-starter/2.2.7.RELEASE/spring-boot-starter-2.2.7.RELEASE.jar:/Users/dharshana/.m2/repository/org/springframework/boot/spring-boot/2.2.7.RELEASE/spring-boot-2.2.7.RELEASE.jar:/Users/dharshana/.m2/repository/org/springframework/boot/spring-boot-autoconfigure/2.2.7.RELEASE/spring-boot-autoconfigure-2.2.7.RELEASE.jar:/Users/dharshana/.m2/repository/org/springframework/boot/spring-boot-starter-logging/2.2.7.RELEASE/spring-boot-starter-logging-2.2.7.RELEASE.jar:/Users/dharshana/.m2/repository/ch/qos/logback/logback-classic/1.2.3/logback-classic-1.2.3.jar:/Users/dharshana/.m2/repository/ch/qos/logback/logback-core/1.2.3/logback-core-1.2.3.jar:/Users/dharshana/.m2/repository/org/apache/logging/log4j/log4j-to-slf4j/2.12.1/log4j-to-slf4j-2.12.1.jar:/Users/dharshana/.m2/repository/org/slf4j/jul-to-slf4j/1.7.30/jul-to-slf4j-1.7.30.jar:/Users/dharshana/.m2/repository/org/springframework/boot/spring-boot-starter-json/2.2.7.RELEASE/spring-boot-starter-json-2.2.7.RELEASE.jar:/Users/dharshana/.m2/repository/com/fasterxml/jackson/datatype/jackson-datatype-jdk8/2.10.2/jackson-datatype-jdk8-2.10.2.jar:/Users/dharshana/.m2/repository/com/fasterxml/jackson/datatype/jackson-datatype-jsr310/2.10.2/jackson-datatype-jsr310-2.10.2.jar:/Users/dharshana/.m2/repository/com/fasterxml/jackson/module/jackson-module-parameter-names/2.10.2/jackson-module-parameter-names-2.10.2.jar:/Users/dharshana/.m2/repository/org/springframework/boot/spring-boot-starter-tomcat/2.2.7.RELEASE/spring-boot-starter-tomcat-2.2.7.RELEASE.jar:/Users/dharshana/.m2/repository/org/apache/tomcat/embed/tomcat-embed-core/9.0.34/tomcat-embed-core-9.0.34.jar:/Users/dharshana/.m2/repository/org/apache/tomcat/embed/tomcat-embed-el/9.0.34/tomcat-embed-el-9.0.34.jar:/Users/dharshana/.m2/repository/org/apache/tomcat/embed/tomcat-embed-websocket/9.0.34/tomcat-embed-websocket-9.0.34.jar:/Users/dharshana/.m2/repository/org/springframework/spring-webmvc/5.2.4.RELEASE/spring-webmvc-5.2.4.RELEASE.jar:/Users/dharshana/.m2/repository/org/springframework/spring-aop/5.2.4.RELEASE/spring-aop-5.2.4.RELEASE.jar:/Users/dharshana/.m2/repository/org/springframework/spring-context/5.2.4.RELEASE/spring-context-5.2.4.RELEASE.jar:/Users/dharshana/.m2/repository/org/springframework/spring-expression/5.2.4.RELEASE/spring-expression-5.2.4.RELEASE.jar:/Users/dharshana/.m2/repository/org/springframework/boot/spring-boot-starter-test/2.3.1.RELEASE/spring-boot-starter-test-2.3.1.RELEASE.jar:/Users/dharshana/.m2/repository/org/springframework/boot/spring-boot-test/2.2.7.RELEASE/spring-boot-test-2.2.7.RELEASE.jar:/Users/dharshana/.m2/repository/org/springframework/boot/spring-boot-test-autoconfigure/2.2.7.RELEASE/spring-boot-test-autoconfigure-2.2.7.RELEASE.jar:/Users/dharshana/.m2/repository/com/jayway/jsonpath/json-path/2.4.0/json-path-2.4.0.jar:/Users/dharshana/.m2/repository/net/minidev/json-smart/2.3/json-smart-2.3.jar:/Users/dharshana/.m2/repository/net/minidev/accessors-smart/1.2/accessors-smart-1.2.jar:/Users/dharshana/.m2/repository/org/ow2/asm/asm/5.0.4/asm-5.0.4.jar:/Users/dharshana/.m2/repository/jakarta/xml/bind/jakarta.xml.bind-api/2.3.3/jakarta.xml.bind-api-2.3.3.jar:/Users/dharshana/.m2/repository/jakarta/activation/jakarta.activation-api/1.2.2/jakarta.activation-api-1.2.2.jar:/Users/dharshana/.m2/repository/org/assertj/assertj-core/3.13.2/assertj-core-3.13.2.jar:/Users/dharshana/.m2/repository/org/hamcrest/hamcrest/2.1/hamcrest-2.1.jar:/Users/dharshana/.m2/repository/org/junit/jupiter/junit-jupiter/5.5.2/junit-jupiter-5.5.2.jar:/Users/dharshana/.m2/repository/org/junit/jupiter/junit-jupiter-api/5.5.2/junit-jupiter-api-5.5.2.jar:/Users/dharshana/.m2/repository/org/opentest4j/opentest4j/1.2.0/opentest4j-1.2.0.jar:/Users/dharshana/.m2/repository/org/junit/platform/junit-platform-commons/1.5.2/junit-platform-commons-1.5.2.jar:/Users/dharshana/.m2/repository/org/junit/jupiter/junit-jupiter-params/5.5.2/junit-jupiter-params-5.5.2.jar:/Users/dharshana/.m2/repository/org/junit/jupiter/junit-jupiter-engine/5.5.2/junit-jupiter-engine-5.5.2.jar:/Users/dharshana/.m2/repository/org/junit/vintage/junit-vintage-engine/5.5.2/junit-vintage-engine-5.5.2.jar:/Users/dharshana/.m2/repository/org/apiguardian/apiguardian-api/1.1.0/apiguardian-api-1.1.0.jar:/Users/dharshana/.m2/repository/org/junit/platform/junit-platform-engine/1.5.2/junit-platform-engine-1.5.2.jar:/Users/dharshana/.m2/repository/junit/junit/4.12/junit-4.12.jar:/Users/dharshana/.m2/repository/org/mockito/mockito-core/3.1.0/mockito-core-3.1.0.jar:/Users/dharshana/.m2/repository/net/bytebuddy/byte-buddy/1.10.10/byte-buddy-1.10.10.jar:/Users/dharshana/.m2/repository/net/bytebuddy/byte-buddy-agent/1.10.10/byte-buddy-agent-1.10.10.jar:/Users/dharshana/.m2/repository/org/objenesis/objenesis/2.6/objenesis-2.6.jar:/Users/dharshana/.m2/repository/org/mockito/mockito-junit-jupiter/3.1.0/mockito-junit-jupiter-3.1.0.jar:/Users/dharshana/.m2/repository/org/skyscreamer/jsonassert/1.5.0/jsonassert-1.5.0.jar:/Users/dharshana/.m2/repository/com/vaadin/external/google/android-json/0.0.20131108.vaadin1/android-json-0.0.20131108.vaadin1.jar:/Users/dharshana/.m2/repository/org/springframework/spring-test/5.2.4.RELEASE/spring-test-5.2.4.RELEASE.jar:/Users/dharshana/.m2/repository/org/xmlunit/xmlunit-core/2.6.4/xmlunit-core-2.6.4.jar:/Users/dharshana/.m2/repository/org/testng/testng/7.1.0/testng-7.1.0.jar:/Users/dharshana/.m2/repository/com/beust/jcommander/1.72/jcommander-1.72.jar:/Users/dharshana/.m2/repository/com/google/inject/guice/4.1.0/guice-4.1.0-no_aop.jar:/Users/dharshana/.m2/repository/javax/inject/javax.inject/1/javax.inject-1.jar:/Users/dharshana/.m2/repository/aopalliance/aopalliance/1.0/aopalliance-1.0.jar:/Users/dharshana/.m2/repository/com/google/guava/guava/19.0/guava-19.0.jar:/Users/dharshana/.m2/repository/org/yaml/snakeyaml/1.25/snakeyaml-1.25.jar:/Users/dharshana/.m2/repository/org/codehaus/jackson/jackson-mapper-asl/1.9.11/jackson-mapper-asl-1.9.11.jar:/Users/dharshana/.m2/repository/org/codehaus/jackson/jackson-core-asl/1.9.11/jackson-core-asl-1.9.11.jar:/Users/dharshana/.m2/repository/com/assurity/framework-engine/1.0-SNAPSHOT/framework-engine-1.0-SNAPSHOT.jar:/Users/dharshana/.m2/repository/io/grpc/grpc-netty/1.30.2/grpc-netty-1.30.2.jar:/Users/dharshana/.m2/repository/io/grpc/grpc-core/1.30.2/grpc-core-1.30.2.jar:/Users/dharshana/.m2/repository/com/google/code/gson/gson/2.8.6/gson-2.8.6.jar:/Users/dharshana/.m2/repository/com/google/android/annotations/4.1.1.4/annotations-4.1.1.4.jar:/Users/dharshana/.m2/repository/io/netty/netty-codec-http2/4.1.45.Final/netty-codec-http2-4.1.45.Final.jar:/Users/dharshana/.m2/repository/io/netty/netty-common/4.1.45.Final/netty-common-4.1.45.Final.jar:/Users/dharshana/.m2/repository/io/netty/netty-buffer/4.1.45.Final/netty-buffer-4.1.45.Final.jar:/Users/dharshana/.m2/repository/io/netty/netty-transport/4.1.45.Final/netty-transport-4.1.45.Final.jar:/Users/dharshana/.m2/repository/io/netty/netty-resolver/4.1.45.Final/netty-resolver-4.1.45.Final.jar:/Users/dharshana/.m2/repository/io/netty/netty-codec/4.1.45.Final/netty-codec-4.1.45.Final.jar:/Users/dharshana/.m2/repository/io/netty/netty-handler/4.1.45.Final/netty-handler-4.1.45.Final.jar:/Users/dharshana/.m2/repository/io/netty/netty-codec-http/4.1.45.Final/netty-codec-http-4.1.45.Final.jar:/Users/dharshana/.m2/repository/io/netty/netty-handler-proxy/4.1.45.Final/netty-handler-proxy-4.1.45.Final.jar:/Users/dharshana/.m2/repository/io/netty/netty-codec-socks/4.1.45.Final/netty-codec-socks-4.1.45.Final.jar:/Users/dharshana/.m2/repository/com/google/errorprone/error_prone_annotations/2.3.4/error_prone_annotations-2.3.4.jar:/Users/dharshana/.m2/repository/io/perfmark/perfmark-api/0.19.0/perfmark-api-0.19.0.jar:/Users/dharshana/.m2/repository/org/codehaus/mojo/animal-sniffer-annotations/1.18/animal-sniffer-annotations-1.18.jar:/Users/dharshana/.m2/repository/com/google/code/findbugs/jsr305/3.0.2/jsr305-3.0.2.jar:/Users/dharshana/.m2/repository/io/grpc/grpc-protobuf/1.30.2/grpc-protobuf-1.30.2.jar:/Users/dharshana/.m2/repository/io/grpc/grpc-api/1.30.2/grpc-api-1.30.2.jar:/Users/dharshana/.m2/repository/io/grpc/grpc-context/1.30.2/grpc-context-1.30.2.jar:/Users/dharshana/.m2/repository/com/google/protobuf/protobuf-java/3.12.0/protobuf-java-3.12.0.jar:/Users/dharshana/.m2/repository/com/google/api/grpc/proto-google-common-protos/1.17.0/proto-google-common-protos-1.17.0.jar:/Users/dharshana/.m2/repository/io/grpc/grpc-protobuf-lite/1.30.2/grpc-protobuf-lite-1.30.2.jar:/Users/dharshana/.m2/repository/io/grpc/grpc-stub/1.30.2/grpc-stub-1.30.2.jar:/Users/dharshana/.m2/repository/jakarta/annotation/jakarta.annotation-api/1.3.5/jakarta.annotation-api-1.3.5.jar:/Users/dharshana/.m2/repository/com/fasterxml/jackson/core/jackson-databind/2.10.4/jackson-databind-2.10.4.jar:/Users/dharshana/.m2/repository/com/fasterxml/jackson/core/jackson-core/2.10.2/jackson-core-2.10.2.jar:/Users/dharshana/.m2/repository/org/apache/logging/log4j/log4j-api/2.13.3/log4j-api-2.13.3.jar:/Users/dharshana/.m2/repository/org/apache/logging/log4j/log4j-core/2.13.3/log4j-core-2.13.3.jar:/Users/dharshana/.m2/repository/com/assurity/framework-utilities/1.0-SNAPSHOT/framework-utilities-1.0-SNAPSHOT.jar:/Users/dharshana/.m2/repository/org/glassfish/jersey/core/jersey-server/2.29.1/jersey-server-2.29.1.jar:/Users/dharshana/.m2/repository/org/glassfish/jersey/core/jersey-common/2.29.1/jersey-common-2.29.1.jar:/Users/dharshana/.m2/repository/org/glassfish/hk2/osgi-resource-locator/1.0.3/osgi-resource-locator-1.0.3.jar:/Users/dharshana/.m2/repository/com/sun/activation/jakarta.activation/1.2.2/jakarta.activation-1.2.2.jar:/Users/dharshana/.m2/repository/org/glassfish/jersey/core/jersey-client/2.29.1/jersey-client-2.29.1.jar:/Users/dharshana/.m2/repository/jakarta/ws/rs/jakarta.ws.rs-api/2.1.6/jakarta.ws.rs-api-2.1.6.jar:/Users/dharshana/.m2/repository/org/glassfish/jersey/media/jersey-media-jaxb/2.29.1/jersey-media-jaxb-2.29.1.jar:/Users/dharshana/.m2/repository/org/glassfish/hk2/external/jakarta.inject/2.6.1/jakarta.inject-2.6.1.jar:/Users/dharshana/.m2/repository/jakarta/validation/jakarta.validation-api/2.0.2/jakarta.validation-api-2.0.2.jar:/Users/dharshana/.m2/repository/org/apache/cxf/cxf-bundle/2.7.18/cxf-bundle-2.7.18.jar:/Users/dharshana/.m2/repository/org/apache/velocity/velocity/1.7/velocity-1.7.jar:/Users/dharshana/.m2/repository/commons-collections/commons-collections/3.2.1/commons-collections-3.2.1.jar:/Users/dharshana/.m2/repository/wsdl4j/wsdl4j/1.6.3/wsdl4j-1.6.3.jar:/Users/dharshana/.m2/repository/com/sun/xml/bind/jaxb-xjc/2.2.6/jaxb-xjc-2.2.6.jar:/Users/dharshana/.m2/repository/com/sun/xml/bind/jaxb-impl/2.2.6/jaxb-impl-2.2.6.jar:/Users/dharshana/.m2/repository/org/apache/ws/xmlschema/xmlschema-core/2.1.0/xmlschema-core-2.1.0.jar:/Users/dharshana/.m2/repository/antlr/antlr/2.7.7/antlr-2.7.7.jar:/Users/dharshana/.m2/repository/org/apache/xmlbeans/xmlbeans/2.6.0/xmlbeans-2.6.0.jar:/Users/dharshana/.m2/repository/xml-resolver/xml-resolver/1.2/xml-resolver-1.2.jar:/Users/dharshana/.m2/repository/org/apache/geronimo/specs/geronimo-jaxws_2.2_spec/1.1/geronimo-jaxws_2.2_spec-1.1.jar:/Users/dharshana/.m2/repository/org/codehaus/woodstox/woodstox-core-asl/4.4.1/woodstox-core-asl-4.4.1.jar:/Users/dharshana/.m2/repository/org/codehaus/woodstox/stax2-api/3.1.4/stax2-api-3.1.4.jar:/Users/dharshana/.m2/repository/org/apache/geronimo/specs/geronimo-javamail_1.4_spec/1.7.1/geronimo-javamail_1.4_spec-1.7.1.jar:/Users/dharshana/.m2/repository/org/eclipse/jetty/jetty-server/9.4.26.v20200117/jetty-server-9.4.26.v20200117.jar:/Users/dharshana/.m2/repository/javax/servlet/javax.servlet-api/4.0.1/javax.servlet-api-4.0.1.jar:/Users/dharshana/.m2/repository/org/eclipse/jetty/jetty-continuation/9.4.26.v20200117/jetty-continuation-9.4.26.v20200117.jar:/Users/dharshana/.m2/repository/org/eclipse/jetty/jetty-http/9.4.26.v20200117/jetty-http-9.4.26.v20200117.jar:/Users/dharshana/.m2/repository/org/eclipse/jetty/jetty-io/9.4.26.v20200117/jetty-io-9.4.26.v20200117.jar:/Users/dharshana/.m2/repository/org/eclipse/jetty/jetty-util/9.4.26.v20200117/jetty-util-9.4.26.v20200117.jar:/Users/dharshana/.m2/repository/org/eclipse/jetty/jetty-security/9.4.26.v20200117/jetty-security-9.4.26.v20200117.jar:/Users/dharshana/.m2/repository/org/apache/geronimo/specs/geronimo-servlet_3.0_spec/1.0/geronimo-servlet_3.0_spec-1.0.jar:/Users/dharshana/.m2/repository/org/apache/geronimo/specs/geronimo-jms_1.1_spec/1.1.1/geronimo-jms_1.1_spec-1.1.1.jar:/Users/dharshana/.m2/repository/org/springframework/spring-jms/5.2.4.RELEASE/spring-jms-5.2.4.RELEASE.jar:/Users/dharshana/.m2/repository/org/springframework/spring-messaging/5.2.4.RELEASE/spring-messaging-5.2.4.RELEASE.jar:/Users/dharshana/.m2/repository/org/springframework/spring-asm/3.0.7.RELEASE/spring-asm-3.0.7.RELEASE.jar:/Users/dharshana/.m2/repository/org/springframework/spring-tx/5.2.4.RELEASE/spring-tx-5.2.4.RELEASE.jar:/Users/dharshana/.m2/repository/commons-lang/commons-lang/2.6/commons-lang-2.6.jar:/Users/dharshana/.m2/repository/org/apache/httpcomponents/httpcore-nio/4.4.13/httpcore-nio-4.4.13.jar:/Users/dharshana/.m2/repository/org/apache/httpcomponents/httpcore/4.4.13/httpcore-4.4.13.jar:/Users/dharshana/.m2/repository/org/apache/httpcomponents/httpasyncclient/4.1.4/httpasyncclient-4.1.4.jar:/Users/dharshana/.m2/repository/org/apache/httpcomponents/httpclient/4.5.12/httpclient-4.5.12.jar:/Users/dharshana/.m2/repository/commons-codec/commons-codec/1.13/commons-codec-1.13.jar:/Users/dharshana/.m2/repository/org/apache/mina/mina-core/2.0.7/mina-core-2.0.7.jar:/Users/dharshana/.m2/repository/asm/asm/3.3.1/asm-3.3.1.jar:/Users/dharshana/.m2/repository/rhino/js/1.7R2/js-1.7R2.jar:/Users/dharshana/.m2/repository/net/oauth/core/oauth-provider/20100527/oauth-provider-20100527.jar:/Users/dharshana/.m2/repository/net/oauth/core/oauth/20100527/oauth-20100527.jar:/Users/dharshana/.m2/repository/net/sf/ehcache/ehcache-core/2.5.1/ehcache-core-2.5.1.jar:/Users/dharshana/.m2/repository/org/apache/ws/security/wss4j/1.6.19/wss4j-1.6.19.jar:/Users/dharshana/.m2/repository/org/apache/santuario/xmlsec/1.5.8/xmlsec-1.5.8.jar:/Users/dharshana/.m2/repository/org/opensaml/opensaml/2.6.1/opensaml-2.6.1.jar:/Users/dharshana/.m2/repository/org/opensaml/openws/1.5.1/openws-1.5.1.jar:/Users/dharshana/.m2/repository/org/opensaml/xmltooling/1.4.1/xmltooling-1.4.1.jar:/Users/dharshana/.m2/repository/joda-time/joda-time/2.10.6/joda-time-2.10.6.jar:/Users/dharshana/.m2/repository/xalan/serializer/2.7.1/serializer-2.7.1.jar:/Users/dharshana/.m2/repository/commons-logging/commons-logging/1.1.1/commons-logging-1.1.1.jar:/Users/dharshana/.m2/repository/org/apache/neethi/neethi/3.0.3/neethi-3.0.3.jar:/Users/dharshana/.m2/repository/javax/ws/rs/javax.ws.rs-api/2.1.1/javax.ws.rs-api-2.1.1.jar:/Users/dharshana/.m2/repository/org/jboss/resteasy/resteasy-client/4.5.5.Final/resteasy-client-4.5.5.Final.jar:/Users/dharshana/.m2/repository/org/jboss/resteasy/resteasy-client-api/4.5.5.Final/resteasy-client-api-4.5.5.Final.jar:/Users/dharshana/.m2/repository/org/jboss/resteasy/resteasy-core-spi/4.5.5.Final/resteasy-core-spi-4.5.5.Final.jar:/Users/dharshana/.m2/repository/org/jboss/spec/javax/xml/bind/jboss-jaxb-api_2.3_spec/1.0.1.Final/jboss-jaxb-api_2.3_spec-1.0.1.Final.jar:/Users/dharshana/.m2/repository/org/jboss/spec/javax/annotation/jboss-annotations-api_1.3_spec/2.0.1.Final/jboss-annotations-api_1.3_spec-2.0.1.Final.jar:/Users/dharshana/.m2/repository/org/jboss/resteasy/resteasy-core/4.5.5.Final/resteasy-core-4.5.5.Final.jar:/Users/dharshana/.m2/repository/com/ibm/async/asyncutil/0.1.0/asyncutil-0.1.0.jar:/Users/dharshana/.m2/repository/org/eclipse/microprofile/config/microprofile-config-api/1.4/microprofile-config-api-1.4.jar:/Users/dharshana/.m2/repository/io/smallrye/config/smallrye-config/1.6.1/smallrye-config-1.6.1.jar:/Users/dharshana/.m2/repository/io/smallrye/config/smallrye-config-common/1.6.1/smallrye-config-common-1.6.1.jar:/Users/dharshana/.m2/repository/org/jboss/logging/jboss-logging/3.4.1.Final/jboss-logging-3.4.1.Final.jar:/Users/dharshana/.m2/repository/commons-io/commons-io/2.5/commons-io-2.5.jar:/Users/dharshana/.m2/repository/org/jboss/spec/javax/ws/rs/jboss-jaxrs-api_2.1_spec/2.0.1.Final/jboss-jaxrs-api_2.1_spec-2.0.1.Final.jar:/Users/dharshana/.m2/repository/org/json/json/20190722/json-20190722.jar:"/>
    <property name="sun.cpu.endian" value="little"/>
    <property name="user.home" value="/Users/dharshana"/>
    <property name="user.language" value="en"/>
    <property name="java.specification.vendor" value="Oracle Corporation"/>
    <property name="java.version.date" value="2020-04-14"/>
    <property name="java.home" value="/Library/Java/JavaVirtualMachines/jdk-11.0.7.jdk/Contents/Home"/>
    <property name="file.separator" value="/"/>
    <property name="basedir" value="/Users/dharshana/assurityFW/demoProject/automation_demo"/>
    <property name="java.vm.compressedOopsMode" value="Zero based"/>
    <property name="line.separator" value="&#10;"/>
    <property name="java.specification.name" value="Java Platform API Specification"/>
    <property name="java.vm.specification.vendor" value="Oracle Corporation"/>
    <property name="java.awt.graphicsenv" value="sun.awt.CGraphicsEnvironment"/>
    <property name="sun.management.compiler" value="HotSpot 64-Bit Tiered Compilers"/>
    <property name="ftp.nonProxyHosts" value="local|*.local|169.254/16|*.169.254/16"/>
    <property name="java.runtime.version" value="11.0.7+8-LTS"/>
    <property name="user.name" value="dharshana"/>
    <property name="path.separator" value=":"/>
    <property name="os.version" value="10.15.6"/>
    <property name="java.runtime.name" value="Java(TM) SE Runtime Environment"/>
    <property name="file.encoding" value="UTF-8"/>
    <property name="java.vm.name" value="Java HotSpot(TM) 64-Bit Server VM"/>
    <property name="java.vendor.version" value="18.9"/>
    <property name="localRepository" value="/Users/dharshana/.m2/repository"/>
    <property name="java.vendor.url.bug" value="https://bugreport.java.com/bugreport/"/>
    <property name="java.io.tmpdir" value="/var/folders/2t/22ll6rh565703_kd2v8rlvdr0000gp/T/"/>
    <property name="java.version" value="11.0.7"/>
    <property name="user.dir" value="/Users/dharshana/assurityFW/demoProject/automation_demo"/>
    <property name="os.arch" value="x86_64"/>
    <property name="java.vm.specification.name" value="Java Virtual Machine Specification"/>
    <property name="java.awt.printerjob" value="sun.lwawt.macosx.CPrinterJob"/>
    <property name="sun.os.patch.level" value="unknown"/>
    <property name="java.library.path" value="/Users/dharshana/Library/Java/Extensions:/Library/Java/Extensions:/Network/Library/Java/Extensions:/System/Library/Java/Extensions:/usr/lib/java:."/>
    <property name="java.vendor" value="Oracle Corporation"/>
    <property name="java.vm.info" value="mixed mode"/>
    <property name="java.vm.version" value="11.0.7+8-LTS"/>
    <property name="sun.io.unicode.encoding" value="UnicodeBig"/>
    <property name="java.class.version" value="55.0"/>
    <property name="socksNonProxyHosts" value="local|*.local|169.254/16|*.169.254/16"/>
  </properties>
  <testcase name="firstDataDrivenTestMethod" classname="com.assurity.automation.demo.tests.InitTest" time="0.026"/>
  <testcase name="firstDataDrivenTestMethod" classname="com.assurity.automation.demo.tests.InitTest" time="0.001"/>
  <testcase name="initTest" classname="com.assurity.automation.demo.tests.InitTest" time="0.009"/>
  <testcase name="sampleTestCase" classname="com.assurity.automation.demo.tests.InitTest" time="0.003"/>
  <testcase name="addEmployeeDataProviderTestcase" classname="com.assurity.automation.demo.tests.EmployeeServiceTest" time="0.848"/>
  <testcase name="addEmployeeDataProviderTestcase" classname="com.assurity.automation.demo.tests.EmployeeServiceTest" time="0.011"/>
  <testcase name="addEmployeeTestcase" classname="com.assurity.automation.demo.tests.EmployeeServiceTest" time="0.1"/>
  <testcase name="getEmployeeTestcase" classname="com.assurity.automation.demo.tests.EmployeeServiceTest" time="0.01"/>
</testsuite>